<?xml version="1.0" encoding="UTF-8"?>
<testng-results ignored="0" total="1" passed="1" failed="0" skipped="0">
  <reporter-output>
  </reporter-output>
  <suite started-at="2024-02-06T16:52:40 IST" name="Default suite" finished-at="2024-02-06T16:53:40 IST" duration-ms="59554">
    <groups>
      <group name="cucumber">
        <method signature="AbstractTestNGCucumberTests.runScenario(io.cucumber.testng.PickleWrapper,io.cucumber.testng.FeatureWrapper)[pri:0, instance:TestRunner.TestRunnerTestNGTest@6e9a5ed8]" name="runScenario" class="io.cucumber.testng.AbstractTestNGCucumberTests"/>
      </group> <!-- cucumber -->
    </groups>
    <test started-at="2024-02-06T16:52:40 IST" name="Default test" finished-at="2024-02-06T16:53:40 IST" duration-ms="59554">
      <class name="TestRunner.TestRunnerTestNGTest">
        <test-method is-config="true" signature="setUpClass(org.testng.ITestContext)[pri:0, instance:TestRunner.TestRunnerTestNGTest@6e9a5ed8]" started-at="2024-02-06T16:52:40 IST" name="setUpClass" finished-at="2024-02-06T16:52:41 IST" duration-ms="636" status="PASS">
          <params>
            <param index="0">
              <value>
                <![CDATA[org.testng.TestRunner@29876704]]>
              </value>
            </param>
          </params>
          <reporter-output>
          </reporter-output>
        </test-method> <!-- setUpClass -->
        <test-method signature="runScenario(io.cucumber.testng.PickleWrapper,io.cucumber.testng.FeatureWrapper)[pri:0, instance:TestRunner.TestRunnerTestNGTest@6e9a5ed8]" started-at="2024-02-06T16:52:41 IST" name="runScenario" description="Runs Cucumber Scenarios" data-provider="scenarios" finished-at="2024-02-06T16:53:40 IST" duration-ms="58839" status="PASS">
          <params>
            <param index="0">
              <value>
                <![CDATA["Verify that the user can create alumni successfully"]]>
              </value>
            </param>
            <param index="1">
              <value>
                <![CDATA["Create Alumni"]]>
              </value>
            </param>
          </params>
          <reporter-output>
          </reporter-output>
        </test-method> <!-- runScenario -->
        <test-method is-config="true" signature="tearDownClass()[pri:0, instance:TestRunner.TestRunnerTestNGTest@6e9a5ed8]" started-at="2024-02-06T16:53:40 IST" name="tearDownClass" finished-at="2024-02-06T16:53:40 IST" duration-ms="3" status="PASS">
          <reporter-output>
          </reporter-output>
        </test-method> <!-- tearDownClass -->
      </class> <!-- TestRunner.TestRunnerTestNGTest -->
    </test> <!-- Default test -->
  </suite> <!-- Default suite -->
</testng-results>
